<?xml version="1.0" encoding="UTF-8"?>
<testng-results skipped="0" failed="1" ignored="0" total="6" passed="5">
  <reporter-output>
  </reporter-output>
  <suite name="Suite" duration-ms="63837" started-at="2019-07-05T08:37:26Z" finished-at="2019-07-05T08:38:30Z">
    <groups>
    </groups>
    <test name="Test" duration-ms="23857" started-at="2019-07-05T08:37:26Z" finished-at="2019-07-05T08:37:50Z">
      <class name="com.orange2.testcases.TC_LOGINTEST_001">
        <test-method status="PASS" signature="setup(java.lang.String)[pri:0, instance:com.orange2.testcases.TC_LOGINTEST_001@4667ae56]" name="setup" is-config="true" duration-ms="3849" started-at="2019-07-05T08:37:26Z" finished-at="2019-07-05T08:37:30Z">
          <params>
            <param index="0">
              <value>
                <![CDATA[chrome]]>
              </value>
            </param>
          </params>
          <reporter-output>
          </reporter-output>
        </test-method> <!-- setup -->
        <test-method status="PASS" signature="setup(java.lang.String)[pri:0, instance:com.orange2.testcases.TC_LOGINTEST_001@4667ae56]" name="setup" duration-ms="2872" started-at="2019-07-05T08:37:30Z" finished-at="2019-07-05T08:37:33Z">
          <params>
            <param index="0">
              <value>
                <![CDATA[chrome]]>
              </value>
            </param>
          </params>
          <reporter-output>
          </reporter-output>
        </test-method> <!-- setup -->
        <test-method status="PASS" signature="logintest()[pri:0, instance:com.orange2.testcases.TC_LOGINTEST_001@4667ae56]" name="logintest" duration-ms="16326" started-at="2019-07-05T08:37:33Z" finished-at="2019-07-05T08:37:49Z">
          <reporter-output>
          </reporter-output>
        </test-method> <!-- logintest -->
        <test-method status="PASS" signature="teardown()[pri:0, instance:com.orange2.testcases.TC_LOGINTEST_001@4667ae56]" name="teardown" is-config="true" duration-ms="762" started-at="2019-07-05T08:37:49Z" finished-at="2019-07-05T08:37:50Z">
          <reporter-output>
          </reporter-output>
        </test-method> <!-- teardown -->
      </class> <!-- com.orange2.testcases.TC_LOGINTEST_001 -->
    </test> <!-- Test -->
    <test name="Test02" duration-ms="35785" started-at="2019-07-05T08:37:50Z" finished-at="2019-07-05T08:38:26Z">
      <class name="com.orange2.testcases.TC_LOGINTEST_001">
        <test-method status="PASS" signature="setup(java.lang.String)[pri:0, instance:com.orange2.testcases.TC_LOGINTEST_001@56ac3a89]" name="setup" is-config="true" duration-ms="7053" started-at="2019-07-05T08:37:50Z" finished-at="2019-07-05T08:37:57Z">
          <params>
            <param index="0">
              <value>
                <![CDATA[firefox]]>
              </value>
            </param>
          </params>
          <reporter-output>
          </reporter-output>
        </test-method> <!-- setup -->
        <test-method status="PASS" signature="setup(java.lang.String)[pri:0, instance:com.orange2.testcases.TC_LOGINTEST_001@56ac3a89]" name="setup" duration-ms="7492" started-at="2019-07-05T08:37:57Z" finished-at="2019-07-05T08:38:05Z">
          <params>
            <param index="0">
              <value>
                <![CDATA[firefox]]>
              </value>
            </param>
          </params>
          <reporter-output>
          </reporter-output>
        </test-method> <!-- setup -->
        <test-method status="PASS" signature="logintest()[pri:0, instance:com.orange2.testcases.TC_LOGINTEST_001@56ac3a89]" name="logintest" duration-ms="18826" started-at="2019-07-05T08:38:05Z" finished-at="2019-07-05T08:38:24Z">
          <reporter-output>
          </reporter-output>
        </test-method> <!-- logintest -->
        <test-method status="PASS" signature="teardown()[pri:0, instance:com.orange2.testcases.TC_LOGINTEST_001@56ac3a89]" name="teardown" is-config="true" duration-ms="2411" started-at="2019-07-05T08:38:24Z" finished-at="2019-07-05T08:38:26Z">
          <reporter-output>
          </reporter-output>
        </test-method> <!-- teardown -->
      </class> <!-- com.orange2.testcases.TC_LOGINTEST_001 -->
    </test> <!-- Test02 -->
    <test name="Test03" duration-ms="4121" started-at="2019-07-05T08:38:26Z" finished-at="2019-07-05T08:38:30Z">
      <class name="com.orange2.testcases.TC_LOGINTEST_001">
        <test-method status="PASS" signature="setup(java.lang.String)[pri:0, instance:com.orange2.testcases.TC_LOGINTEST_001@cb644e]" name="setup" is-config="true" duration-ms="1475" started-at="2019-07-05T08:38:26Z" finished-at="2019-07-05T08:38:27Z">
          <params>
            <param index="0">
              <value>
                <![CDATA[ie]]>
              </value>
            </param>
          </params>
          <reporter-output>
          </reporter-output>
        </test-method> <!-- setup -->
        <test-method status="PASS" signature="setup(java.lang.String)[pri:0, instance:com.orange2.testcases.TC_LOGINTEST_001@cb644e]" name="setup" duration-ms="1525" started-at="2019-07-05T08:38:27Z" finished-at="2019-07-05T08:38:29Z">
          <params>
            <param index="0">
              <value>
                <![CDATA[ie]]>
              </value>
            </param>
          </params>
          <reporter-output>
          </reporter-output>
        </test-method> <!-- setup -->
        <test-method status="FAIL" signature="logintest()[pri:0, instance:com.orange2.testcases.TC_LOGINTEST_001@cb644e]" name="logintest" duration-ms="566" started-at="2019-07-05T08:38:29Z" finished-at="2019-07-05T08:38:30Z">
          <exception class="org.openqa.selenium.NoSuchElementException">
            <message>
              <![CDATA[Unable to find element with css selector == #txtUsername
For documentation on this error, please visit: https://www.seleniumhq.org/exceptions/no_such_element.html
Build info: version: '3.141.59', revision: 'e82be7d358', time: '2018-11-14T08:17:03'
System info: host: 'DESKTOP-R5R92BP', ip: '192.168.1.7', os.name: 'Windows 10', os.arch: 'amd64', os.version: '10.0', java.version: '1.8.0_212'
Driver info: org.openqa.selenium.ie.InternetExplorerDriver
Capabilities {acceptInsecureCerts: false, browserName: internet explorer, browserVersion: 11, javascriptEnabled: true, pageLoadStrategy: normal, platform: WINDOWS, platformName: WINDOWS, proxy: Proxy(), se:ieOptions: {browserAttachTimeout: 0, elementScrollBehavior: 0, enablePersistentHover: true, ie.browserCommandLineSwitches: , ie.ensureCleanSession: false, ie.fileUploadDialogTimeout: 3000, ie.forceCreateProcessApi: false, ignoreProtectedModeSettings: false, ignoreZoomSetting: false, initialBrowserUrl: http://localhost:44611/, nativeEvents: true, requireWindowFocus: false}, setWindowRect: true, timeouts: {implicit: 0, pageLoad: 300000, script: 30000}}
Session ID: 3a312855-4db1-4d0c-982e-292ce052684c
*** Element info: {Using=id, value=txtUsername}]]>
            </message>
            <full-stacktrace>
              <![CDATA[org.openqa.selenium.NoSuchElementException: Unable to find element with css selector == #txtUsername
For documentation on this error, please visit: https://www.seleniumhq.org/exceptions/no_such_element.html
Build info: version: '3.141.59', revision: 'e82be7d358', time: '2018-11-14T08:17:03'
System info: host: 'DESKTOP-R5R92BP', ip: '192.168.1.7', os.name: 'Windows 10', os.arch: 'amd64', os.version: '10.0', java.version: '1.8.0_212'
Driver info: org.openqa.selenium.ie.InternetExplorerDriver
Capabilities {acceptInsecureCerts: false, browserName: internet explorer, browserVersion: 11, javascriptEnabled: true, pageLoadStrategy: normal, platform: WINDOWS, platformName: WINDOWS, proxy: Proxy(), se:ieOptions: {browserAttachTimeout: 0, elementScrollBehavior: 0, enablePersistentHover: true, ie.browserCommandLineSwitches: , ie.ensureCleanSession: false, ie.fileUploadDialogTimeout: 3000, ie.forceCreateProcessApi: false, ignoreProtectedModeSettings: false, ignoreZoomSetting: false, initialBrowserUrl: http://localhost:44611/, nativeEvents: true, requireWindowFocus: false}, setWindowRect: true, timeouts: {implicit: 0, pageLoad: 300000, script: 30000}}
Session ID: 3a312855-4db1-4d0c-982e-292ce052684c
*** Element info: {Using=id, value=txtUsername}
at sun.reflect.NativeConstructorAccessorImpl.newInstance0(Native Method)
at sun.reflect.NativeConstructorAccessorImpl.newInstance(Unknown Source)
at sun.reflect.DelegatingConstructorAccessorImpl.newInstance(Unknown Source)
at java.lang.reflect.Constructor.newInstance(Unknown Source)
at org.openqa.selenium.remote.http.W3CHttpResponseCodec.createException(W3CHttpResponseCodec.java:187)
at org.openqa.selenium.remote.http.W3CHttpResponseCodec.decode(W3CHttpResponseCodec.java:122)
at org.openqa.selenium.remote.http.W3CHttpResponseCodec.decode(W3CHttpResponseCodec.java:49)
at org.openqa.selenium.remote.HttpCommandExecutor.execute(HttpCommandExecutor.java:158)
at org.openqa.selenium.remote.service.DriverCommandExecutor.execute(DriverCommandExecutor.java:83)
at org.openqa.selenium.remote.RemoteWebDriver.execute(RemoteWebDriver.java:552)
at org.openqa.selenium.remote.RemoteWebDriver.findElement(RemoteWebDriver.java:323)
at org.openqa.selenium.remote.RemoteWebDriver.findElementById(RemoteWebDriver.java:372)
at org.openqa.selenium.By$ById.findElement(By.java:188)
at org.openqa.selenium.remote.RemoteWebDriver.findElement(RemoteWebDriver.java:315)
at org.openqa.selenium.support.pagefactory.DefaultElementLocator.findElement(DefaultElementLocator.java:69)
at org.openqa.selenium.support.pagefactory.internal.LocatingElementHandler.invoke(LocatingElementHandler.java:38)
at com.sun.proxy.$Proxy10.sendKeys(Unknown Source)
at com.orange2.pageobject.loginpage.setusername(loginpage.java:41)
at com.orange2.testcases.TC_LOGINTEST_001.logintest(TC_LOGINTEST_001.java:31)
at sun.reflect.NativeMethodAccessorImpl.invoke0(Native Method)
at sun.reflect.NativeMethodAccessorImpl.invoke(Unknown Source)
at sun.reflect.DelegatingMethodAccessorImpl.invoke(Unknown Source)
at java.lang.reflect.Method.invoke(Unknown Source)
at org.testng.internal.MethodInvocationHelper.invokeMethod(MethodInvocationHelper.java:124)
at org.testng.internal.Invoker.invokeMethod(Invoker.java:583)
at org.testng.internal.Invoker.invokeTestMethod(Invoker.java:719)
at org.testng.internal.Invoker.invokeTestMethods(Invoker.java:989)
at org.testng.internal.TestMethodWorker.invokeTestMethods(TestMethodWorker.java:125)
at org.testng.internal.TestMethodWorker.run(TestMethodWorker.java:109)
at org.testng.TestRunner.privateRun(TestRunner.java:648)
at org.testng.TestRunner.run(TestRunner.java:505)
at org.testng.SuiteRunner.runTest(SuiteRunner.java:455)
at org.testng.SuiteRunner.runSequentially(SuiteRunner.java:450)
at org.testng.SuiteRunner.privateRun(SuiteRunner.java:415)
at org.testng.SuiteRunner.run(SuiteRunner.java:364)
at org.testng.SuiteRunnerWorker.runSuite(SuiteRunnerWorker.java:52)
at org.testng.SuiteRunnerWorker.run(SuiteRunnerWorker.java:84)
at org.testng.TestNG.runSuitesSequentially(TestNG.java:1208)
at org.testng.TestNG.runSuitesLocally(TestNG.java:1137)
at org.testng.TestNG.runSuites(TestNG.java:1049)
at org.testng.TestNG.run(TestNG.java:1017)
at org.testng.remote.AbstractRemoteTestNG.run(AbstractRemoteTestNG.java:115)
at org.testng.remote.RemoteTestNG.initAndRun(RemoteTestNG.java:251)
at org.testng.remote.RemoteTestNG.main(RemoteTestNG.java:77)
]]>
            </full-stacktrace>
          </exception> <!-- org.openqa.selenium.NoSuchElementException -->
          <reporter-output>
          </reporter-output>
        </test-method> <!-- logintest -->
        <test-method status="PASS" signature="teardown()[pri:0, instance:com.orange2.testcases.TC_LOGINTEST_001@cb644e]" name="teardown" is-config="true" duration-ms="546" started-at="2019-07-05T08:38:30Z" finished-at="2019-07-05T08:38:30Z">
          <reporter-output>
          </reporter-output>
        </test-method> <!-- teardown -->
      </class> <!-- com.orange2.testcases.TC_LOGINTEST_001 -->
    </test> <!-- Test03 -->
  </suite> <!-- Suite -->
</testng-results>
